<?xml version="1.0" encoding="UTF-8"?>
<!-- Generated by org.testng.reporters.JUnitReportReporter -->
<testsuite hostname="DESKTOP-7GTF88O" failures="0" tests="1" name="com.sevenrmartsupermarket.tests.PushNotificationTest" time="8.420" errors="0" timestamp="2024-03-20T21:27:40 IST" skipped="0">
  <testcase classname="com.sevenrmartsupermarket.tests.PushNotificationTest" name="printExcelData" time="8.420"/>
  <system-out/>
</testsuite> <!-- com.sevenrmartsupermarket.tests.PushNotificationTest -->
