<?xml version="1.0" encoding="UTF-8"?>
<!-- Generated by org.testng.reporters.JUnitReportReporter -->
<testsuite hostname="DESKTOP-7GTF88O" failures="0" tests="1" name="com.sevenrmartsupermarket.tests.DeliveryBoyTest" time="11.458" errors="0" timestamp="2024-03-13T19:59:06 IST" skipped="0">
  <testcase classname="com.sevenrmartsupermarket.tests.DeliveryBoyTest" name="verifyByAddingNewDeliveryBoy" time="11.458"/>
  <system-out/>
</testsuite> <!-- com.sevenrmartsupermarket.tests.DeliveryBoyTest -->
