<?xml version="1.0" encoding="UTF-8"?>
<!-- Generated by org.testng.reporters.JUnitReportReporter -->
<testsuite hostname="DESKTOP-7GTF88O" failures="0" tests="2" name="com.sevenrmartsupermarket.tests.PushNotificationTest" time="19.479" errors="0" timestamp="2024-03-15T07:46:21 IST" skipped="0">
  <testcase classname="com.sevenrmartsupermarket.tests.PushNotificationTest" name="verifyEnteredPushNotification" time="6.003"/>
  <system-out/>
  <testcase classname="com.sevenrmartsupermarket.tests.PushNotificationTest" name="printExcelData" time="13.476"/>
  <system-out/>
</testsuite> <!-- com.sevenrmartsupermarket.tests.PushNotificationTest -->
